<?xml version="1.0" encoding="utf-8"?><testsuites name="pytest tests"><testsuite name="pytest" errors="0" failures="0" skipped="0" tests="27" time="6.203" timestamp="2026-04-28T08:33:25.750811+00:00" hostname="agent-env-e8da09c7-0930-4797-92df-9e1adcb22e29"><testcase classname="backend.tests.test_cms.TestPublicReads" name="test_projects_public_seeded" time="0.220" /><testcase classname="backend.tests.test_cms.TestPublicReads" name="test_articles_public_seeded_with_featured" time="0.043" /><testcase classname="backend.tests.test_cms.TestPublicReads" name="test_articles_get_by_slug" time="0.088" /><testcase classname="backend.tests.test_cms.TestPublicReads" name="test_articles_bad_slug_404" time="0.043" /><testcase classname="backend.tests.test_cms.TestPublicReads" name="test_roles_public_only_active" time="0.044" /><testcase classname="backend.tests.test_cms.TestAuthGating" name="test_list_requires_token[/admin/projects]" time="0.043" /><testcase classname="backend.tests.test_cms.TestAuthGating" name="test_list_requires_token[/admin/articles]" time="0.044" /><testcase classname="backend.tests.test_cms.TestAuthGating" name="test_list_requires_token[/admin/roles]" time="0.042" /><testcase classname="backend.tests.test_cms.TestAuthGating" name="test_create_requires_token[/admin/projects]" time="0.041" /><testcase classname="backend.tests.test_cms.TestAuthGating" name="test_create_requires_token[/admin/articles]" time="0.041" /><testcase classname="backend.tests.test_cms.TestAuthGating" name="test_create_requires_token[/admin/roles]" time="0.042" /><testcase classname="backend.tests.test_cms.TestProjectsCRUD" name="test_create_auto_slug" time="0.350" /><testcase classname="backend.tests.test_cms.TestProjectsCRUD" name="test_create_same_title_unique_slug" time="0.320" /><testcase classname="backend.tests.test_cms.TestProjectsCRUD" name="test_admin_list_ordered" time="0.311" /><testcase classname="backend.tests.test_cms.TestProjectsCRUD" name="test_update_and_slug_change" time="0.372" /><testcase classname="backend.tests.test_cms.TestProjectsCRUD" name="test_update_keep_slug_no_collision" time="0.361" /><testcase classname="backend.tests.test_cms.TestProjectsCRUD" name="test_delete" time="0.432" /><testcase classname="backend.tests.test_cms.TestArticlesCRUD" name="test_create_with_body_paragraphs_and_featured" time="0.351" /><testcase classname="backend.tests.test_cms.TestArticlesCRUD" name="test_create_same_title_unique_slug" time="0.352" /><testcase classname="backend.tests.test_cms.TestArticlesCRUD" name="test_featured_visible_in_public_list" time="0.042" /><testcase classname="backend.tests.test_cms.TestArticlesCRUD" name="test_update_unfeatured" time="0.382" /><testcase classname="backend.tests.test_cms.TestArticlesCRUD" name="test_delete" time="0.397" /><testcase classname="backend.tests.test_cms.TestRolesCRUD" name="test_create_active" time="0.315" /><testcase classname="backend.tests.test_cms.TestRolesCRUD" name="test_create_inactive" time="0.314" /><testcase classname="backend.tests.test_cms.TestRolesCRUD" name="test_public_excludes_inactive_admin_includes" time="0.362" /><testcase classname="backend.tests.test_cms.TestRolesCRUD" name="test_toggle_active_then_public" time="0.363" /><testcase classname="backend.tests.test_cms.TestRolesCRUD" name="test_delete" time="0.411" /></testsuite></testsuites>