<?xml version="1.0" encoding="utf-8"?><testsuites name="pytest tests"><testsuite name="pytest" errors="0" failures="0" skipped="0" tests="19" time="4.043" timestamp="2026-04-28T14:13:30.268384+00:00" hostname="agent-env-e8da09c7-0930-4797-92df-9e1adcb22e29"><testcase classname="backend.tests.test_crm_v6.TestSummaries" name="test_leads_summary_shape" time="0.511" /><testcase classname="backend.tests.test_crm_v6.TestSummaries" name="test_vendors_summary_shape" time="0.052" /><testcase classname="backend.tests.test_crm_v6.TestSummaries" name="test_projects_summary_shape" time="0.053" /><testcase classname="backend.tests.test_crm_v6.TestSummaries" name="test_reachvel_summary_shape" time="0.051" /><testcase classname="backend.tests.test_crm_v6.TestNewFilters" name="test_lead_service_source_filter" time="0.198" /><testcase classname="backend.tests.test_crm_v6.TestNewFilters" name="test_vendor_status_filter_active_includes_legacy" time="0.221" /><testcase classname="backend.tests.test_crm_v6.TestNewFilters" name="test_project_group_filter" time="0.146" /><testcase classname="backend.tests.test_crm_v6.TestNewFilters" name="test_reachvel_category_bank_project_filter" time="0.305" /><testcase classname="backend.tests.test_crm_v6.TestNewFilters" name="test_manual_create_marks_source_type" time="0.047" /><testcase classname="backend.tests.test_crm_v6.TestNewFilters" name="test_cleanup" time="0.544" /><testcase classname="backend.tests.test_crm_v6.TestGstNonApplicable" name="test_invoice_non_gst_create_and_update" time="0.147" /><testcase classname="backend.tests.test_crm_v6.TestGstNonApplicable" name="test_expense_non_gst" time="0.100" /><testcase classname="backend.tests.test_crm_v6.TestGstNonApplicable" name="test_vendor_payment_non_gst" time="0.103" /><testcase classname="backend.tests.test_crm_v6.TestGstNonApplicable" name="test_cleanup" time="0.245" /><testcase classname="backend.tests.test_crm_v6.TestAggregatesAndSync" name="test_project_list_includes_total_expenses" time="0.370" /><testcase classname="backend.tests.test_crm_v6.TestAggregatesAndSync" name="test_aggregates_endpoint" time="0.053" /><testcase classname="backend.tests.test_crm_v6.TestAggregatesAndSync" name="test_sync_idempotent" time="0.156" /><testcase classname="backend.tests.test_crm_v6.TestAggregatesAndSync" name="test_cleanup" time="0.449" /><testcase classname="backend.tests.test_crm_v6.TestConvertLead" name="test_convert_carries_new_fields" time="0.223" /></testsuite></testsuites>