<?xml version="1.0" encoding="utf-8"?><testsuites name="pytest tests"><testsuite name="pytest" errors="0" failures="0" skipped="0" tests="50" time="4.648" timestamp="2026-04-28T10:33:26.793532+00:00" hostname="agent-env-e8da09c7-0930-4797-92df-9e1adcb22e29"><testcase classname="backend.tests.test_crm.TestAuthGating" name="test_get_without_token_401[/leads]" time="0.241" /><testcase classname="backend.tests.test_crm.TestAuthGating" name="test_get_without_token_401[/vendors]" time="0.044" /><testcase classname="backend.tests.test_crm.TestAuthGating" name="test_get_without_token_401[/projects]" time="0.045" /><testcase classname="backend.tests.test_crm.TestAuthGating" name="test_get_without_token_401[/tasks]" time="0.043" /><testcase classname="backend.tests.test_crm.TestAuthGating" name="test_get_without_token_401[/expenses]" time="0.045" /><testcase classname="backend.tests.test_crm.TestAuthGating" name="test_get_without_token_401[/vendor-payments]" time="0.043" /><testcase classname="backend.tests.test_crm.TestAuthGating" name="test_get_without_token_401[/invoices]" time="0.042" /><testcase classname="backend.tests.test_crm.TestAuthGating" name="test_get_without_token_401[/project-payments]" time="0.082" /><testcase classname="backend.tests.test_crm.TestAuthGating" name="test_get_without_token_401[/reachvel-payments]" time="0.043" /><testcase classname="backend.tests.test_crm.TestAuthGating" name="test_get_without_token_401[/analytics]" time="0.042" /><testcase classname="backend.tests.test_crm.TestAuthGating" name="test_post_without_token_401[/leads]" time="0.042" /><testcase classname="backend.tests.test_crm.TestAuthGating" name="test_post_without_token_401[/vendors]" time="0.043" /><testcase classname="backend.tests.test_crm.TestAuthGating" name="test_post_without_token_401[/projects]" time="0.042" /><testcase classname="backend.tests.test_crm.TestAuthGating" name="test_post_without_token_401[/tasks]" time="0.044" /><testcase classname="backend.tests.test_crm.TestAuthGating" name="test_post_without_token_401[/expenses]" time="0.041" /><testcase classname="backend.tests.test_crm.TestAuthGating" name="test_post_without_token_401[/vendor-payments]" time="0.071" /><testcase classname="backend.tests.test_crm.TestAuthGating" name="test_post_without_token_401[/invoices]" time="0.041" /><testcase classname="backend.tests.test_crm.TestAuthGating" name="test_post_without_token_401[/project-payments]" time="0.041" /><testcase classname="backend.tests.test_crm.TestAuthGating" name="test_post_without_token_401[/reachvel-payments]" time="0.040" /><testcase classname="backend.tests.test_crm.TestLeads" name="test_invalid_stage_400" time="0.309" /><testcase classname="backend.tests.test_crm.TestLeads" name="test_create_and_persist" time="0.044" /><testcase classname="backend.tests.test_crm.TestLeads" name="test_update_changes_persist" time="0.091" /><testcase classname="backend.tests.test_crm.TestLeads" name="test_filter_by_stage" time="0.209" /><testcase classname="backend.tests.test_crm.TestLeads" name="test_search_q" time="0.044" /><testcase classname="backend.tests.test_crm.TestLeads" name="test_cleanup" time="0.168" /><testcase classname="backend.tests.test_crm.TestVendors" name="test_crud" time="0.174" /><testcase classname="backend.tests.test_crm.TestVendors" name="test_cleanup" time="0.042" /><testcase classname="backend.tests.test_crm.TestProjectsAndTasks" name="test_invalid_status_400" time="0.086" /><testcase classname="backend.tests.test_crm.TestProjectsAndTasks" name="test_create_and_filter" time="0.132" /><testcase classname="backend.tests.test_crm.TestProjectsAndTasks" name="test_task_filter_by_project_and_status" time="0.137" /><testcase classname="backend.tests.test_crm.TestProjectsAndTasks" name="test_cleanup" time="0.263" /><testcase classname="backend.tests.test_crm.TestGSTAutoCalc" name="test_invoice_create_gst" time="0.094" /><testcase classname="backend.tests.test_crm.TestGSTAutoCalc" name="test_invoice_update_recomputes_gst" time="0.044" /><testcase classname="backend.tests.test_crm.TestGSTAutoCalc" name="test_invoice_filter_status_and_project" time="0.087" /><testcase classname="backend.tests.test_crm.TestGSTAutoCalc" name="test_vendor_payment_gst_create_and_update" time="0.170" /><testcase classname="backend.tests.test_crm.TestGSTAutoCalc" name="test_cleanup" time="0.175" /><testcase classname="backend.tests.test_crm.TestReachvelPayments" name="test_invalid_type_400" time="0.042" /><testcase classname="backend.tests.test_crm.TestReachvelPayments" name="test_create_and_filter" time="0.170" /><testcase classname="backend.tests.test_crm.TestReachvelPayments" name="test_cleanup" time="0.186" /><testcase classname="backend.tests.test_crm.TestAnalytics" name="test_shape" time="0.046" /><testcase classname="backend.tests.test_crm.TestAnalytics" name="test_aggregation_math" time="0.387" /><testcase classname="backend.tests.test_crm.TestNoOidLeak" name="test_list_no_oid[/leads]" time="0.046" /><testcase classname="backend.tests.test_crm.TestNoOidLeak" name="test_list_no_oid[/vendors]" time="0.043" /><testcase classname="backend.tests.test_crm.TestNoOidLeak" name="test_list_no_oid[/projects]" time="0.043" /><testcase classname="backend.tests.test_crm.TestNoOidLeak" name="test_list_no_oid[/tasks]" time="0.043" /><testcase classname="backend.tests.test_crm.TestNoOidLeak" name="test_list_no_oid[/expenses]" time="0.045" /><testcase classname="backend.tests.test_crm.TestNoOidLeak" name="test_list_no_oid[/vendor-payments]" time="0.043" /><testcase classname="backend.tests.test_crm.TestNoOidLeak" name="test_list_no_oid[/invoices]" time="0.044" /><testcase classname="backend.tests.test_crm.TestNoOidLeak" name="test_list_no_oid[/project-payments]" time="0.041" /><testcase classname="backend.tests.test_crm.TestNoOidLeak" name="test_list_no_oid[/reachvel-payments]" time="0.044" /></testsuite></testsuites>