<?xml version="1.0" encoding="utf-8"?><testsuites name="pytest tests"><testsuite name="pytest" errors="0" failures="0" skipped="0" tests="49" time="18.122" timestamp="2026-04-28T10:33:38.485350+00:00" hostname="agent-env-e8da09c7-0930-4797-92df-9e1adcb22e29"><testcase classname="backend.tests.backend_test" name="test_root" time="0.154" /><testcase classname="backend.tests.backend_test.TestContact" name="test_create_valid_and_status_new" time="0.051" /><testcase classname="backend.tests.backend_test.TestContact" name="test_invalid_email" time="0.048" /><testcase classname="backend.tests.backend_test.TestAdminLogin" name="test_wrong_password_401" time="0.271" /><testcase classname="backend.tests.backend_test.TestAdminLogin" name="test_correct_password_returns_opaque_token" time="0.282" /><testcase classname="backend.tests.backend_test.TestAdminLogin" name="test_each_login_returns_unique_token" time="0.575" /><testcase classname="backend.tests.backend_test.TestAdminLogin" name="test_password_cannot_be_used_as_token" time="0.045" /><testcase classname="backend.tests.backend_test.TestAdminLogin" name="test_token_works" time="0.318" /><testcase classname="backend.tests.backend_test.TestAdminLogin" name="test_logout_invalidates_token" time="0.401" /><testcase classname="backend.tests.backend_test.TestRateLimit" name="test_lockout_after_five_failures" time="1.402" /><testcase classname="backend.tests.backend_test.TestRateLimit" name="test_success_resets_failure_counter" time="2.434" /><testcase classname="backend.tests.backend_test.TestRotatePassword" name="test_rotate_flow" time="3.094" /><testcase classname="backend.tests.backend_test.TestSubmissionsAdmin" name="test_list_no_token_401" time="0.044" /><testcase classname="backend.tests.backend_test.TestSubmissionsAdmin" name="test_list_bad_token_401" time="0.043" /><testcase classname="backend.tests.backend_test.TestSubmissionsAdmin" name="test_list_has_no_mongo_id" time="0.313" /><testcase classname="backend.tests.backend_test.TestSubmissionsAdmin" name="test_patch_status_flow" time="0.530" /><testcase classname="backend.tests.backend_test.TestSubmissionsAdmin" name="test_search_and_filter" time="0.548" /><testcase classname="backend.tests.backend_test.TestStats" name="test_stats_no_token" time="0.085" /><testcase classname="backend.tests.backend_test.TestStats" name="test_stats_structure_and_counts" time="0.332" /><testcase classname="backend.tests.backend_test.TestDelete" name="test_delete_flow" time="0.405" /><testcase classname="backend.tests.backend_test" name="test_zzz_cleanup" time="0.459" /><testcase classname="backend.tests.backend_test" name="test_zzzz_password_restored" time="0.270" /><testcase classname="backend.tests.test_cms.TestPublicReads" name="test_projects_public_seeded" time="0.151" /><testcase classname="backend.tests.test_cms.TestPublicReads" name="test_articles_public_seeded_with_featured" time="0.045" /><testcase classname="backend.tests.test_cms.TestPublicReads" name="test_articles_get_by_slug" time="0.091" /><testcase classname="backend.tests.test_cms.TestPublicReads" name="test_articles_bad_slug_404" time="0.045" /><testcase classname="backend.tests.test_cms.TestPublicReads" name="test_roles_public_only_active" time="0.045" /><testcase classname="backend.tests.test_cms.TestAuthGating" name="test_list_requires_token[/admin/projects]" time="0.043" /><testcase classname="backend.tests.test_cms.TestAuthGating" name="test_list_requires_token[/admin/articles]" time="0.045" /><testcase classname="backend.tests.test_cms.TestAuthGating" name="test_list_requires_token[/admin/roles]" time="0.049" /><testcase classname="backend.tests.test_cms.TestAuthGating" name="test_create_requires_token[/admin/projects]" time="0.046" /><testcase classname="backend.tests.test_cms.TestAuthGating" name="test_create_requires_token[/admin/articles]" time="0.046" /><testcase classname="backend.tests.test_cms.TestAuthGating" name="test_create_requires_token[/admin/roles]" time="0.044" /><testcase classname="backend.tests.test_cms.TestProjectsCRUD" name="test_create_auto_slug" time="0.316" /><testcase classname="backend.tests.test_cms.TestProjectsCRUD" name="test_create_same_title_unique_slug" time="0.314" /><testcase classname="backend.tests.test_cms.TestProjectsCRUD" name="test_admin_list_ordered" time="0.316" /><testcase classname="backend.tests.test_cms.TestProjectsCRUD" name="test_update_and_slug_change" time="0.360" /><testcase classname="backend.tests.test_cms.TestProjectsCRUD" name="test_update_keep_slug_no_collision" time="0.359" /><testcase classname="backend.tests.test_cms.TestProjectsCRUD" name="test_delete" time="0.411" /><testcase classname="backend.tests.test_cms.TestArticlesCRUD" name="test_create_with_body_paragraphs_and_featured" time="0.359" /><testcase classname="backend.tests.test_cms.TestArticlesCRUD" name="test_create_same_title_unique_slug" time="0.319" /><testcase classname="backend.tests.test_cms.TestArticlesCRUD" name="test_featured_visible_in_public_list" time="0.043" /><testcase classname="backend.tests.test_cms.TestArticlesCRUD" name="test_update_unfeatured" time="0.324" /><testcase classname="backend.tests.test_cms.TestArticlesCRUD" name="test_delete" time="0.361" /><testcase classname="backend.tests.test_cms.TestRolesCRUD" name="test_create_active" time="0.317" /><testcase classname="backend.tests.test_cms.TestRolesCRUD" name="test_create_inactive" time="0.311" /><testcase classname="backend.tests.test_cms.TestRolesCRUD" name="test_public_excludes_inactive_admin_includes" time="0.364" /><testcase classname="backend.tests.test_cms.TestRolesCRUD" name="test_toggle_active_then_public" time="0.357" /><testcase classname="backend.tests.test_cms.TestRolesCRUD" name="test_delete" time="0.444" /></testsuite></testsuites>