<?xml version="1.0" encoding="utf-8"?><testsuites name="pytest tests"><testsuite name="pytest" errors="0" failures="0" skipped="0" tests="118" time="27.832" timestamp="2026-04-28T14:13:39.290804+00:00" hostname="agent-env-e8da09c7-0930-4797-92df-9e1adcb22e29"><testcase classname="backend.tests.backend_test" name="test_root" time="0.135" /><testcase classname="backend.tests.backend_test.TestContact" name="test_create_valid_and_status_new" time="0.058" /><testcase classname="backend.tests.backend_test.TestContact" name="test_invalid_email" time="0.051" /><testcase classname="backend.tests.backend_test.TestAdminLogin" name="test_wrong_password_401" time="0.273" /><testcase classname="backend.tests.backend_test.TestAdminLogin" name="test_correct_password_returns_opaque_token" time="0.296" /><testcase classname="backend.tests.backend_test.TestAdminLogin" name="test_each_login_returns_unique_token" time="0.588" /><testcase classname="backend.tests.backend_test.TestAdminLogin" name="test_password_cannot_be_used_as_token" time="0.052" /><testcase classname="backend.tests.backend_test.TestAdminLogin" name="test_token_works" time="0.325" /><testcase classname="backend.tests.backend_test.TestAdminLogin" name="test_logout_invalidates_token" time="0.434" /><testcase classname="backend.tests.backend_test.TestRateLimit" name="test_lockout_after_five_failures" time="1.453" /><testcase classname="backend.tests.backend_test.TestRateLimit" name="test_success_resets_failure_counter" time="2.488" /><testcase classname="backend.tests.backend_test.TestRotatePassword" name="test_rotate_flow" time="3.187" /><testcase classname="backend.tests.backend_test.TestSubmissionsAdmin" name="test_list_no_token_401" time="0.049" /><testcase classname="backend.tests.backend_test.TestSubmissionsAdmin" name="test_list_bad_token_401" time="0.058" /><testcase classname="backend.tests.backend_test.TestSubmissionsAdmin" name="test_list_has_no_mongo_id" time="0.330" /><testcase classname="backend.tests.backend_test.TestSubmissionsAdmin" name="test_patch_status_flow" time="0.576" /><testcase classname="backend.tests.backend_test.TestSubmissionsAdmin" name="test_search_and_filter" time="0.529" /><testcase classname="backend.tests.backend_test.TestStats" name="test_stats_no_token" time="0.064" /><testcase classname="backend.tests.backend_test.TestStats" name="test_stats_structure_and_counts" time="0.339" /><testcase classname="backend.tests.backend_test.TestDelete" name="test_delete_flow" time="0.440" /><testcase classname="backend.tests.backend_test" name="test_zzz_cleanup" time="0.475" /><testcase classname="backend.tests.backend_test" name="test_zzzz_password_restored" time="0.274" /><testcase classname="backend.tests.test_cms.TestPublicReads" name="test_projects_public_seeded" time="0.143" /><testcase classname="backend.tests.test_cms.TestPublicReads" name="test_articles_public_seeded_with_featured" time="0.052" /><testcase classname="backend.tests.test_cms.TestPublicReads" name="test_articles_get_by_slug" time="0.100" /><testcase classname="backend.tests.test_cms.TestPublicReads" name="test_articles_bad_slug_404" time="0.050" /><testcase classname="backend.tests.test_cms.TestPublicReads" name="test_roles_public_only_active" time="0.052" /><testcase classname="backend.tests.test_cms.TestAuthGating" name="test_list_requires_token[/admin/projects]" time="0.048" /><testcase classname="backend.tests.test_cms.TestAuthGating" name="test_list_requires_token[/admin/articles]" time="0.050" /><testcase classname="backend.tests.test_cms.TestAuthGating" name="test_list_requires_token[/admin/roles]" time="0.062" /><testcase classname="backend.tests.test_cms.TestAuthGating" name="test_create_requires_token[/admin/projects]" time="0.050" /><testcase classname="backend.tests.test_cms.TestAuthGating" name="test_create_requires_token[/admin/articles]" time="0.050" /><testcase classname="backend.tests.test_cms.TestAuthGating" name="test_create_requires_token[/admin/roles]" time="0.048" /><testcase classname="backend.tests.test_cms.TestProjectsCRUD" name="test_create_auto_slug" time="0.331" /><testcase classname="backend.tests.test_cms.TestProjectsCRUD" name="test_create_same_title_unique_slug" time="0.323" /><testcase classname="backend.tests.test_cms.TestProjectsCRUD" name="test_admin_list_ordered" time="0.325" /><testcase classname="backend.tests.test_cms.TestProjectsCRUD" name="test_update_and_slug_change" time="0.392" /><testcase classname="backend.tests.test_cms.TestProjectsCRUD" name="test_update_keep_slug_no_collision" time="0.387" /><testcase classname="backend.tests.test_cms.TestProjectsCRUD" name="test_delete" time="0.428" /><testcase classname="backend.tests.test_cms.TestArticlesCRUD" name="test_create_with_body_paragraphs_and_featured" time="0.355" /><testcase classname="backend.tests.test_cms.TestArticlesCRUD" name="test_create_same_title_unique_slug" time="0.332" /><testcase classname="backend.tests.test_cms.TestArticlesCRUD" name="test_featured_visible_in_public_list" time="0.046" /><testcase classname="backend.tests.test_cms.TestArticlesCRUD" name="test_update_unfeatured" time="0.322" /><testcase classname="backend.tests.test_cms.TestArticlesCRUD" name="test_delete" time="0.380" /><testcase classname="backend.tests.test_cms.TestRolesCRUD" name="test_create_active" time="0.331" /><testcase classname="backend.tests.test_cms.TestRolesCRUD" name="test_create_inactive" time="0.356" /><testcase classname="backend.tests.test_cms.TestRolesCRUD" name="test_public_excludes_inactive_admin_includes" time="0.371" /><testcase classname="backend.tests.test_cms.TestRolesCRUD" name="test_toggle_active_then_public" time="0.380" /><testcase classname="backend.tests.test_cms.TestRolesCRUD" name="test_delete" time="0.420" /><testcase classname="backend.tests.test_crm.TestAuthGating" name="test_get_without_token_401[/leads]" time="0.182" /><testcase classname="backend.tests.test_crm.TestAuthGating" name="test_get_without_token_401[/vendors]" time="0.052" /><testcase classname="backend.tests.test_crm.TestAuthGating" name="test_get_without_token_401[/projects]" time="0.049" /><testcase classname="backend.tests.test_crm.TestAuthGating" name="test_get_without_token_401[/tasks]" time="0.049" /><testcase classname="backend.tests.test_crm.TestAuthGating" name="test_get_without_token_401[/expenses]" time="0.066" /><testcase classname="backend.tests.test_crm.TestAuthGating" name="test_get_without_token_401[/vendor-payments]" time="0.047" /><testcase classname="backend.tests.test_crm.TestAuthGating" name="test_get_without_token_401[/invoices]" time="0.049" /><testcase classname="backend.tests.test_crm.TestAuthGating" name="test_get_without_token_401[/project-payments]" time="0.050" /><testcase classname="backend.tests.test_crm.TestAuthGating" name="test_get_without_token_401[/reachvel-payments]" time="0.049" /><testcase classname="backend.tests.test_crm.TestAuthGating" name="test_get_without_token_401[/analytics]" time="0.052" /><testcase classname="backend.tests.test_crm.TestAuthGating" name="test_post_without_token_401[/leads]" time="0.047" /><testcase classname="backend.tests.test_crm.TestAuthGating" name="test_post_without_token_401[/vendors]" time="0.045" /><testcase classname="backend.tests.test_crm.TestAuthGating" name="test_post_without_token_401[/projects]" time="0.047" /><testcase classname="backend.tests.test_crm.TestAuthGating" name="test_post_without_token_401[/tasks]" time="0.051" /><testcase classname="backend.tests.test_crm.TestAuthGating" name="test_post_without_token_401[/expenses]" time="0.048" /><testcase classname="backend.tests.test_crm.TestAuthGating" name="test_post_without_token_401[/vendor-payments]" time="0.048" /><testcase classname="backend.tests.test_crm.TestAuthGating" name="test_post_without_token_401[/invoices]" time="0.052" /><testcase classname="backend.tests.test_crm.TestAuthGating" name="test_post_without_token_401[/project-payments]" time="0.070" /><testcase classname="backend.tests.test_crm.TestAuthGating" name="test_post_without_token_401[/reachvel-payments]" time="0.058" /><testcase classname="backend.tests.test_crm.TestLeads" name="test_invalid_stage_400" time="0.327" /><testcase classname="backend.tests.test_crm.TestLeads" name="test_create_and_persist" time="0.046" /><testcase classname="backend.tests.test_crm.TestLeads" name="test_update_changes_persist" time="0.099" /><testcase classname="backend.tests.test_crm.TestLeads" name="test_filter_by_stage" time="0.153" /><testcase classname="backend.tests.test_crm.TestLeads" name="test_search_q" time="0.050" /><testcase classname="backend.tests.test_crm.TestLeads" name="test_cleanup" time="0.149" /><testcase classname="backend.tests.test_crm.TestVendors" name="test_crud" time="0.152" /><testcase classname="backend.tests.test_crm.TestVendors" name="test_cleanup" time="0.047" /><testcase classname="backend.tests.test_crm.TestProjectsAndTasks" name="test_invalid_status_400" time="0.047" /><testcase classname="backend.tests.test_crm.TestProjectsAndTasks" name="test_create_and_filter" time="0.155" /><testcase classname="backend.tests.test_crm.TestProjectsAndTasks" name="test_task_filter_by_project_and_status" time="0.155" /><testcase classname="backend.tests.test_crm.TestProjectsAndTasks" name="test_cleanup" time="0.215" /><testcase classname="backend.tests.test_crm.TestGSTAutoCalc" name="test_invoice_create_gst" time="0.113" /><testcase classname="backend.tests.test_crm.TestGSTAutoCalc" name="test_invoice_update_recomputes_gst" time="0.062" /><testcase classname="backend.tests.test_crm.TestGSTAutoCalc" name="test_invoice_filter_status_and_project" time="0.098" /><testcase classname="backend.tests.test_crm.TestGSTAutoCalc" name="test_vendor_payment_gst_create_and_update" time="0.161" /><testcase classname="backend.tests.test_crm.TestGSTAutoCalc" name="test_cleanup" time="0.197" /><testcase classname="backend.tests.test_crm.TestReachvelPayments" name="test_invalid_type_400" time="0.046" /><testcase classname="backend.tests.test_crm.TestReachvelPayments" name="test_create_and_filter" time="0.168" /><testcase classname="backend.tests.test_crm.TestReachvelPayments" name="test_cleanup" time="0.145" /><testcase classname="backend.tests.test_crm.TestAnalytics" name="test_shape" time="0.059" /><testcase classname="backend.tests.test_crm.TestAnalytics" name="test_aggregation_math" time="0.357" /><testcase classname="backend.tests.test_crm.TestNoOidLeak" name="test_list_no_oid[/leads]" time="0.061" /><testcase classname="backend.tests.test_crm.TestNoOidLeak" name="test_list_no_oid[/vendors]" time="0.055" /><testcase classname="backend.tests.test_crm.TestNoOidLeak" name="test_list_no_oid[/projects]" time="0.057" /><testcase classname="backend.tests.test_crm.TestNoOidLeak" name="test_list_no_oid[/tasks]" time="0.052" /><testcase classname="backend.tests.test_crm.TestNoOidLeak" name="test_list_no_oid[/expenses]" time="0.055" /><testcase classname="backend.tests.test_crm.TestNoOidLeak" name="test_list_no_oid[/vendor-payments]" time="0.062" /><testcase classname="backend.tests.test_crm.TestNoOidLeak" name="test_list_no_oid[/invoices]" time="0.052" /><testcase classname="backend.tests.test_crm.TestNoOidLeak" name="test_list_no_oid[/project-payments]" time="0.053" /><testcase classname="backend.tests.test_crm.TestNoOidLeak" name="test_list_no_oid[/reachvel-payments]" time="0.048" /><testcase classname="backend.tests.test_crm_v6.TestSummaries" name="test_leads_summary_shape" time="0.454" /><testcase classname="backend.tests.test_crm_v6.TestSummaries" name="test_vendors_summary_shape" time="0.057" /><testcase classname="backend.tests.test_crm_v6.TestSummaries" name="test_projects_summary_shape" time="0.064" /><testcase classname="backend.tests.test_crm_v6.TestSummaries" name="test_reachvel_summary_shape" time="0.056" /><testcase classname="backend.tests.test_crm_v6.TestNewFilters" name="test_lead_service_source_filter" time="0.228" /><testcase classname="backend.tests.test_crm_v6.TestNewFilters" name="test_vendor_status_filter_active_includes_legacy" time="0.228" /><testcase classname="backend.tests.test_crm_v6.TestNewFilters" name="test_project_group_filter" time="0.171" /><testcase classname="backend.tests.test_crm_v6.TestNewFilters" name="test_reachvel_category_bank_project_filter" time="0.353" /><testcase classname="backend.tests.test_crm_v6.TestNewFilters" name="test_manual_create_marks_source_type" time="0.083" /><testcase classname="backend.tests.test_crm_v6.TestNewFilters" name="test_cleanup" time="0.602" /><testcase classname="backend.tests.test_crm_v6.TestGstNonApplicable" name="test_invoice_non_gst_create_and_update" time="0.193" /><testcase classname="backend.tests.test_crm_v6.TestGstNonApplicable" name="test_expense_non_gst" time="0.120" /><testcase classname="backend.tests.test_crm_v6.TestGstNonApplicable" name="test_vendor_payment_non_gst" time="0.113" /><testcase classname="backend.tests.test_crm_v6.TestGstNonApplicable" name="test_cleanup" time="0.277" /><testcase classname="backend.tests.test_crm_v6.TestAggregatesAndSync" name="test_project_list_includes_total_expenses" time="0.398" /><testcase classname="backend.tests.test_crm_v6.TestAggregatesAndSync" name="test_aggregates_endpoint" time="0.084" /><testcase classname="backend.tests.test_crm_v6.TestAggregatesAndSync" name="test_sync_idempotent" time="0.172" /><testcase classname="backend.tests.test_crm_v6.TestAggregatesAndSync" name="test_cleanup" time="0.555" /><testcase classname="backend.tests.test_crm_v6.TestConvertLead" name="test_convert_carries_new_fields" time="0.219" /></testsuite></testsuites>