<?xml version="1.0" encoding="utf-8"?><testsuites name="pytest tests"><testsuite name="pytest" errors="0" failures="0" skipped="0" tests="49" time="18.166" timestamp="2026-04-28T08:33:36.196640+00:00" hostname="agent-env-e8da09c7-0930-4797-92df-9e1adcb22e29"><testcase classname="backend.tests.backend_test" name="test_root" time="0.149" /><testcase classname="backend.tests.backend_test.TestContact" name="test_create_valid_and_status_new" time="0.054" /><testcase classname="backend.tests.backend_test.TestContact" name="test_invalid_email" time="0.045" /><testcase classname="backend.tests.backend_test.TestAdminLogin" name="test_wrong_password_401" time="0.285" /><testcase classname="backend.tests.backend_test.TestAdminLogin" name="test_correct_password_returns_opaque_token" time="0.270" /><testcase classname="backend.tests.backend_test.TestAdminLogin" name="test_each_login_returns_unique_token" time="0.547" /><testcase classname="backend.tests.backend_test.TestAdminLogin" name="test_password_cannot_be_used_as_token" time="0.046" /><testcase classname="backend.tests.backend_test.TestAdminLogin" name="test_token_works" time="0.318" /><testcase classname="backend.tests.backend_test.TestAdminLogin" name="test_logout_invalidates_token" time="0.406" /><testcase classname="backend.tests.backend_test.TestRateLimit" name="test_lockout_after_five_failures" time="1.393" /><testcase classname="backend.tests.backend_test.TestRateLimit" name="test_success_resets_failure_counter" time="2.424" /><testcase classname="backend.tests.backend_test.TestRotatePassword" name="test_rotate_flow" time="3.118" /><testcase classname="backend.tests.backend_test.TestSubmissionsAdmin" name="test_list_no_token_401" time="0.041" /><testcase classname="backend.tests.backend_test.TestSubmissionsAdmin" name="test_list_bad_token_401" time="0.041" /><testcase classname="backend.tests.backend_test.TestSubmissionsAdmin" name="test_list_has_no_mongo_id" time="0.314" /><testcase classname="backend.tests.backend_test.TestSubmissionsAdmin" name="test_patch_status_flow" time="0.533" /><testcase classname="backend.tests.backend_test.TestSubmissionsAdmin" name="test_search_and_filter" time="0.526" /><testcase classname="backend.tests.backend_test.TestStats" name="test_stats_no_token" time="0.049" /><testcase classname="backend.tests.backend_test.TestStats" name="test_stats_structure_and_counts" time="0.317" /><testcase classname="backend.tests.backend_test.TestDelete" name="test_delete_flow" time="0.409" /><testcase classname="backend.tests.backend_test" name="test_zzz_cleanup" time="0.445" /><testcase classname="backend.tests.backend_test" name="test_zzzz_password_restored" time="0.267" /><testcase classname="backend.tests.test_cms.TestPublicReads" name="test_projects_public_seeded" time="0.185" /><testcase classname="backend.tests.test_cms.TestPublicReads" name="test_articles_public_seeded_with_featured" time="0.060" /><testcase classname="backend.tests.test_cms.TestPublicReads" name="test_articles_get_by_slug" time="0.108" /><testcase classname="backend.tests.test_cms.TestPublicReads" name="test_articles_bad_slug_404" time="0.061" /><testcase classname="backend.tests.test_cms.TestPublicReads" name="test_roles_public_only_active" time="0.052" /><testcase classname="backend.tests.test_cms.TestAuthGating" name="test_list_requires_token[/admin/projects]" time="0.048" /><testcase classname="backend.tests.test_cms.TestAuthGating" name="test_list_requires_token[/admin/articles]" time="0.048" /><testcase classname="backend.tests.test_cms.TestAuthGating" name="test_list_requires_token[/admin/roles]" time="0.048" /><testcase classname="backend.tests.test_cms.TestAuthGating" name="test_create_requires_token[/admin/projects]" time="0.048" /><testcase classname="backend.tests.test_cms.TestAuthGating" name="test_create_requires_token[/admin/articles]" time="0.048" /><testcase classname="backend.tests.test_cms.TestAuthGating" name="test_create_requires_token[/admin/roles]" time="0.046" /><testcase classname="backend.tests.test_cms.TestProjectsCRUD" name="test_create_auto_slug" time="0.318" /><testcase classname="backend.tests.test_cms.TestProjectsCRUD" name="test_create_same_title_unique_slug" time="0.321" /><testcase classname="backend.tests.test_cms.TestProjectsCRUD" name="test_admin_list_ordered" time="0.329" /><testcase classname="backend.tests.test_cms.TestProjectsCRUD" name="test_update_and_slug_change" time="0.385" /><testcase classname="backend.tests.test_cms.TestProjectsCRUD" name="test_update_keep_slug_no_collision" time="0.370" /><testcase classname="backend.tests.test_cms.TestProjectsCRUD" name="test_delete" time="0.416" /><testcase classname="backend.tests.test_cms.TestArticlesCRUD" name="test_create_with_body_paragraphs_and_featured" time="0.330" /><testcase classname="backend.tests.test_cms.TestArticlesCRUD" name="test_create_same_title_unique_slug" time="0.317" /><testcase classname="backend.tests.test_cms.TestArticlesCRUD" name="test_featured_visible_in_public_list" time="0.046" /><testcase classname="backend.tests.test_cms.TestArticlesCRUD" name="test_update_unfeatured" time="0.328" /><testcase classname="backend.tests.test_cms.TestArticlesCRUD" name="test_delete" time="0.366" /><testcase classname="backend.tests.test_cms.TestRolesCRUD" name="test_create_active" time="0.315" /><testcase classname="backend.tests.test_cms.TestRolesCRUD" name="test_create_inactive" time="0.327" /><testcase classname="backend.tests.test_cms.TestRolesCRUD" name="test_public_excludes_inactive_admin_includes" time="0.367" /><testcase classname="backend.tests.test_cms.TestRolesCRUD" name="test_toggle_active_then_public" time="0.371" /><testcase classname="backend.tests.test_cms.TestRolesCRUD" name="test_delete" time="0.419" /></testsuite></testsuites>