<?xml version="1.0" encoding="utf-8"?><testsuites name="pytest tests"><testsuite name="pytest" errors="0" failures="0" skipped="0" tests="22" time="12.735" timestamp="2026-04-27T14:40:45.603235+00:00" hostname="agent-env-e8da09c7-0930-4797-92df-9e1adcb22e29"><testcase classname="backend.tests.backend_test" name="test_root" time="0.167" /><testcase classname="backend.tests.backend_test.TestContact" name="test_create_valid_and_status_new" time="0.054" /><testcase classname="backend.tests.backend_test.TestContact" name="test_invalid_email" time="0.051" /><testcase classname="backend.tests.backend_test.TestAdminLogin" name="test_wrong_password_401" time="0.285" /><testcase classname="backend.tests.backend_test.TestAdminLogin" name="test_correct_password_returns_opaque_token" time="0.273" /><testcase classname="backend.tests.backend_test.TestAdminLogin" name="test_each_login_returns_unique_token" time="0.549" /><testcase classname="backend.tests.backend_test.TestAdminLogin" name="test_password_cannot_be_used_as_token" time="0.051" /><testcase classname="backend.tests.backend_test.TestAdminLogin" name="test_token_works" time="0.346" /><testcase classname="backend.tests.backend_test.TestAdminLogin" name="test_logout_invalidates_token" time="0.419" /><testcase classname="backend.tests.backend_test.TestRateLimit" name="test_lockout_after_five_failures" time="1.428" /><testcase classname="backend.tests.backend_test.TestRateLimit" name="test_success_resets_failure_counter" time="2.484" /><testcase classname="backend.tests.backend_test.TestRotatePassword" name="test_rotate_flow" time="3.176" /><testcase classname="backend.tests.backend_test.TestSubmissionsAdmin" name="test_list_no_token_401" time="0.047" /><testcase classname="backend.tests.backend_test.TestSubmissionsAdmin" name="test_list_bad_token_401" time="0.050" /><testcase classname="backend.tests.backend_test.TestSubmissionsAdmin" name="test_list_has_no_mongo_id" time="0.321" /><testcase classname="backend.tests.backend_test.TestSubmissionsAdmin" name="test_patch_status_flow" time="0.571" /><testcase classname="backend.tests.backend_test.TestSubmissionsAdmin" name="test_search_and_filter" time="0.526" /><testcase classname="backend.tests.backend_test.TestStats" name="test_stats_no_token" time="0.047" /><testcase classname="backend.tests.backend_test.TestStats" name="test_stats_structure_and_counts" time="0.322" /><testcase classname="backend.tests.backend_test.TestDelete" name="test_delete_flow" time="0.502" /><testcase classname="backend.tests.backend_test" name="test_zzz_cleanup" time="0.683" /><testcase classname="backend.tests.backend_test" name="test_zzzz_password_restored" time="0.278" /></testsuite></testsuites>