<?xml version="1.0" encoding="utf-8"?><testsuites name="pytest tests"><testsuite name="pytest" errors="0" failures="0" skipped="0" tests="16" time="1.784" timestamp="2026-04-27T14:17:43.429672+00:00" hostname="agent-env-e8da09c7-0930-4797-92df-9e1adcb22e29"><testcase classname="backend.tests.backend_test" name="test_root" time="0.269" /><testcase classname="backend.tests.backend_test.TestContact" name="test_create_valid" time="0.070" /><testcase classname="backend.tests.backend_test.TestContact" name="test_invalid_email" time="0.060" /><testcase classname="backend.tests.backend_test.TestContact" name="test_short_note" time="0.057" /><testcase classname="backend.tests.backend_test.TestContact" name="test_missing_name" time="0.059" /><testcase classname="backend.tests.backend_test.TestAdminLogin" name="test_wrong_password" time="0.062" /><testcase classname="backend.tests.backend_test.TestAdminLogin" name="test_correct_password" time="0.061" /><testcase classname="backend.tests.backend_test.TestAdminProtected" name="test_submissions_no_token" time="0.092" /><testcase classname="backend.tests.backend_test.TestAdminProtected" name="test_submissions_wrong_token" time="0.079" /><testcase classname="backend.tests.backend_test.TestAdminProtected" name="test_submissions_valid_token" time="0.068" /><testcase classname="backend.tests.backend_test.TestAdminProtected" name="test_stats_no_token" time="0.067" /><testcase classname="backend.tests.backend_test.TestAdminProtected" name="test_stats_with_token" time="0.066" /><testcase classname="backend.tests.backend_test.TestAdminDelete" name="test_delete_not_found" time="0.066" /><testcase classname="backend.tests.backend_test.TestAdminDelete" name="test_delete_no_token" time="0.083" /><testcase classname="backend.tests.backend_test.TestAdminDelete" name="test_delete_success_and_persistence" time="0.337" /><testcase classname="backend.tests.backend_test" name="test_zzz_cleanup_test_data" time="0.129" /></testsuite></testsuites>